#
# A fatal error has been detected by the Java Runtime Environment:
#
#  SIGSEGV (0xb) at pc=0x00007fff20535552, pid=62654, tid=7939
#
# JRE version:  (11.0.9.1+1) (build )
# Java VM: OpenJDK 64-Bit Server VM (11.0.9.1+1-LTS, mixed mode, sharing, tiered, compressed oops, g1 gc, bsd-amd64)
# Problematic frame:
# C  [libsystem_platform.dylib+0x1552]  _platform_strlen+0x12
#
# No core dump will be written. Core dumps have been disabled. To enable core dumping, try "ulimit -c unlimited" before starting Java again
#
#

---------------  S U M M A R Y ------------

Command Line: getsp -test

Host: MacBookAir7,2 x86_64 1800 MHz, 4 cores, 8G, Darwin 20.6.0
Time: Sun Aug 13 20:06:54 2023 EDT elapsed time: 0.012328 seconds (0d 0h 0m 0s)

---------------  T H R E A D  ---------------

Current thread (0x00007fe37900b800):  JavaThread "Unknown thread" [_thread_in_vm, id=7939, stack(0x0000700008d4d000,0x0000700008e4d000)]

Stack: [0x0000700008d4d000,0x0000700008e4d000],  sp=0x0000700008e4cb70,  free space=1022k
Native frames: (J=compiled Java code, A=aot compiled Java code, j=interpreted, Vv=VM code, C=native code)
C  [libsystem_platform.dylib+0x1552]  _platform_strlen+0x12
V  [libjvm.dylib+0x1fe919]  ClassLoader::setup_boot_search_path(char const*)+0x1d
V  [libjvm.dylib+0x20130f]  ClassLoader::initialize()+0x5d3
V  [libjvm.dylib+0x39b1f9]  init_globals()+0x2d
V  [libjvm.dylib+0x77d1e7]  Threads::create_vm(JavaVMInitArgs*, bool*)+0x285
V  [libjvm.dylib+0x40bc9c]  JNI_CreateJavaVM+0x60
C  [libjli.dylib+0x3ead]  JavaMain+0x10b
C  [libsystem_pthread.dylib+0x68fc]  _pthread_start+0xe0
C  [libsystem_pthread.dylib+0x2443]  thread_start+0xf


siginfo: si_signo: 11 (SIGSEGV), si_code: 1 (SEGV_MAPERR), si_addr: 0x0000000000000000

Registers:
RAX=0x00000001121c5312, RBX=0x00000001121c84b0, RCX=0x0000000000000000, RDX=0x0000000000000000
RSP=0x0000700008e4cb70, RBP=0x0000700008e4cb70, RSI=0x0000000000000000, RDI=0x0000000000000000
R8 =0x0000000000000000, R9 =0x0000000000000000, R10=0x0000000000000000, R11=0x0000000000000000
R12=0x00007fe37900b800, R13=0x0000700008e4cf80, R14=0x0000000111dd950c, R15=0x0000700008e4cef7
RIP=0x00007fff20535552, EFLAGS=0x0000000000010246, ERR=0x0000000000000004
  TRAPNO=0x000000000000000e

Top of Stack: (sp=0x0000700008e4cb70)
0x0000700008e4cb70:   0000700008e4cc90 00000001119fe919
0x0000700008e4cb80:   00007fe377d0e8d0 0000000000000040
0x0000700008e4cb90:   00007fe377c0e880 0000000000000040
0x0000700008e4cba0:   0000700008e4cbd0 0000000111e58186
0x0000700008e4cbb0:   0000000000000038 0000000000000040
0x0000700008e4cbc0:   00007fe377d11da0 0000000000000002
0x0000700008e4cbd0:   0000700008e4cc30 0000000111e56708
0x0000700008e4cbe0:   0000700008e4cc10 0000000111dfcf2f
0x0000700008e4cbf0:   00007fe377d0e8d0 00007fe377d11da0
0x0000700008e4cc00:   00007fe377d0fee0 00007fe377c0e900
0x0000700008e4cc10:   0000700008e4cc50 0000000111e56d8a
0x0000700008e4cc20:   00007fe377d11da0 00007fe377d11da0
0x0000700008e4cc30:   0000000000000004 0000000112004d2c
0x0000700008e4cc40:   000000000000000b 0000000000000000
0x0000700008e4cc50:   65663baf1bc8004c 0000000000000000
0x0000700008e4cc60:   0000000111dd950c 00000001121c84b0
0x0000700008e4cc70:   00007fe37900b800 0000700008e4cf80
0x0000700008e4cc80:   0000000111dd950c 0000700008e4cef7
0x0000700008e4cc90:   0000700008e4ccc0 0000000111a0130f
0x0000700008e4cca0:   00007fe37900b800 00007fe37900b800
0x0000700008e4ccb0:   00000001121c84b0 0000000111dd950c
0x0000700008e4ccc0:   0000700008e4cd10 0000000111b9b1f9
0x0000700008e4ccd0:   00007fe37900b800 00007fe377d0e670
0x0000700008e4cce0:   00007fe377d0f0c0 00007fe377d0f0d0
0x0000700008e4ccf0:   00007fe377d0f1a8 00000000000000d8
0x0000700008e4cd00:   00007fe377d0e6d0 00000001121c84b0
0x0000700008e4cd10:   0000700008e4cea0 0000000111f7d1e7
0x0000700008e4cd20:   0000000000000000 0000000000000000
0x0000700008e4cd30:   0000000000000000 0000000000000000
0x0000700008e4cd40:   0000000000000000 0000000000000000
0x0000700008e4cd50:   0000000000000000 0000000000000000
0x0000700008e4cd60:   0000000000000100 0000000000000000 

Instructions: (pc=0x00007fff20535552)
0x00007fff20535452:   74 09 48 83 c1 01 48 39 d1 72 e3 5d c3 90 55 48
0x00007fff20535462:   89 e5 48 81 e6 ff 00 00 00 48 0f af 35 75 65 00
0x00007fff20535472:   00 66 48 0f 6e c6 48 89 f8 48 83 fa 40 0f 82 92
0x00007fff20535482:   00 00 00 48 81 fa 00 80 00 00 0f 82 3e 00 00 00
0x00007fff20535492:   e9 28 00 00 00 66 0f 1f 84 00 00 00 00 00 55 48
0x00007fff205354a2:   89 e5 48 89 f2 48 31 f6 0f 57 c0 48 89 f8 48 83
0x00007fff205354b2:   fa 40 72 61 48 81 fa 00 80 00 00 72 11 48 89 d1
0x00007fff205354c2:   48 89 f0 48 89 fa fc f3 aa 48 89 d0 5d c3 c4 e2
0x00007fff205354d2:   7d 18 c0 c5 fc 11 07 48 83 c7 20 48 83 e7 e0 48
0x00007fff205354e2:   89 f9 48 29 c1 48 29 ca 48 83 ea 40 76 13 c5 fc
0x00007fff205354f2:   29 07 c5 fc 29 47 20 48 83 c7 40 48 83 ea 40 77
0x00007fff20535502:   ed c5 fc 11 04 17 c5 fc 11 44 17 20 c5 f8 77 5d
0x00007fff20535512:   c3 48 89 34 17 48 83 ea 08 73 f6 48 83 c2 08 74
0x00007fff20535522:   0b 40 88 74 17 ff 48 83 ea 01 75 f5 5d c3 90 90
0x00007fff20535532:   90 90 90 90 90 90 90 90 90 90 90 90 90 90 55 48
0x00007fff20535542:   89 e5 48 89 f9 48 89 fa 48 83 e7 f0 66 0f ef c0
0x00007fff20535552:   66 0f 74 07 66 0f d7 f0 48 83 e1 0f 48 83 c8 ff
0x00007fff20535562:   48 d3 e0 21 c6 74 17 0f bc c6 48 29 d7 48 01 f8
0x00007fff20535572:   5d c3 66 2e 0f 1f 84 00 00 00 00 00 66 90 48 83
0x00007fff20535582:   c7 10 66 0f ef c0 66 0f 74 07 66 0f d7 f0 85 f6
0x00007fff20535592:   74 ec eb d3 65 48 8b 0c 25 18 00 00 00 41 89 c8
0x00007fff205355a2:   31 c0 f0 4c 0f b1 07 0f 85 cf 20 00 00 e9 00 00
0x00007fff205355b2:   00 00 55 48 89 e5 41 56 53 41 89 ce 48 89 fb 48
0x00007fff205355c2:   89 f7 ff d2 48 c7 c6 ff ff ff ff 48 87 33 44 39
0x00007fff205355d2:   f6 75 05 5b 41 5e 5d c3 48 89 df 44 89 f2 5b 41
0x00007fff205355e2:   5e 5d e9 93 21 00 00 65 8b 14 25 18 00 00 00 31
0x00007fff205355f2:   c0 f0 0f b1 17 75 01 c3 31 f6 e9 22 0a 00 00 55
0x00007fff20535602:   48 89 e5 8b 3f 89 f8 83 c8 01 65 3b 04 25 18 00
0x00007fff20535612:   00 00 75 02 5d c3 e8 87 5f 00 00 90 90 90 ba ff
0x00007fff20535622:   ff ff ff 0f bc c7 0f 44 c2 ff c0 c3 66 90 ba ff
0x00007fff20535632:   ff ff ff 48 0f bc c7 0f 44 c2 ff c0 c3 90 ba ff
0x00007fff20535642:   ff ff ff 0f bd c7 0f 44 c2 ff c0 c3 66 90 ba ff 



---------------  P R O C E S S  ---------------

Threads class SMR info:
_java_thread_list=0x00007fe377d08fa0, length=0, elements={
}

Java Threads: ( => current thread )

Other Threads:

[error occurred during error reporting (printing all threads), id 0xb, SIGSEGV (0xb) at pc=0x0000000111f7e4e6]

VM state:not at safepoint (not fully initialized)

VM Mutex/Monitor currently owned by a thread: None


[error occurred during error reporting (printing compressed oops mode), id 0xb, SIGSEGV (0xb) at pc=0x0000000111f97064]

Deoptimization events (0 events):
No events

Classes redefined (0 events):
No events

Internal exceptions (0 events):
No events

Events (2 events):
Event: 0.010 Protecting memory [0x0000700008d4d000,0x0000700008d51000] with protection modes 0
Event: 0.011 Loaded shared library /Users/wasmi/miniconda3/lib/libzip.dylib


Dynamic libraries:
0x00007fff3504d000 	/System/Library/Frameworks/Cocoa.framework/Versions/A/Cocoa
0x00007fff22382000 	/System/Library/Frameworks/Security.framework/Versions/A/Security
0x00007fff33251000 	/System/Library/Frameworks/ApplicationServices.framework/Versions/A/ApplicationServices
0x00007fff2a606000 	/usr/lib/libz.1.dylib
0x000000010f3fe000 	/Users/wasmi/miniconda3/lib/jli/libjli.dylib
0x00007fff2a6ce000 	/usr/lib/libSystem.B.dylib
0x00007fff22db3000 	/System/Library/Frameworks/AppKit.framework/Versions/C/AppKit
0x00007fff25c78000 	/System/Library/Frameworks/CoreData.framework/Versions/A/CoreData
0x00007fff2131a000 	/System/Library/Frameworks/Foundation.framework/Versions/C/Foundation
0x00007fff23aff000 	/System/Library/PrivateFrameworks/UIFoundation.framework/Versions/A/UIFoundation
0x00007fff2fcff000 	/System/Library/PrivateFrameworks/RemoteViewServices.framework/Versions/A/RemoteViewServices
0x00007fff28b11000 	/System/Library/PrivateFrameworks/XCTTargetBootstrap.framework/Versions/A/XCTTargetBootstrap
0x00007fff2b7f9000 	/usr/lib/libspindump.dylib
0x00007fff23d4e000 	/System/Library/Frameworks/UniformTypeIdentifiers.framework/Versions/A/UniformTypeIdentifiers
0x00007fff27315000 	/usr/lib/libapp_launch_measurement.dylib
0x00007fff27318000 	/System/Library/PrivateFrameworks/CoreAutoLayout.framework/Versions/A/CoreAutoLayout
0x00007fff28478000 	/System/Library/Frameworks/Metal.framework/Versions/A/Metal
0x00007fff2916f000 	/usr/lib/liblangid.dylib
0x00007fff28b15000 	/System/Library/PrivateFrameworks/CoreSVG.framework/Versions/A/CoreSVG
0x00007fff24d8e000 	/System/Library/PrivateFrameworks/SkyLight.framework/Versions/A/SkyLight
0x00007fff250f4000 	/System/Library/Frameworks/CoreGraphics.framework/Versions/A/CoreGraphics
0x00007fff30226000 	/System/Library/Frameworks/Accelerate.framework/Versions/A/Accelerate
0x00007fff2b237000 	/System/Library/PrivateFrameworks/IconServices.framework/Versions/A/IconServices
0x00007fff2845c000 	/System/Library/Frameworks/IOSurface.framework/Versions/A/IOSurface
0x00007fff26600000 	/usr/lib/libDiagnosticMessagesClient.dylib
0x00007fff28afd000 	/System/Library/PrivateFrameworks/DFRFoundation.framework/Versions/A/DFRFoundation
0x00007fff226da000 	/usr/lib/libicucore.A.dylib
0x00007fff2cd3e000 	/System/Library/Frameworks/AudioToolbox.framework/Versions/A/AudioToolbox
0x00007fff2bfc6000 	/System/Library/PrivateFrameworks/DataDetectorsCore.framework/Versions/A/DataDetectorsCore
0x00007fff24d01000 	/usr/lib/libMobileGestalt.dylib
0x00007fff28801000 	/System/Library/Frameworks/Carbon.framework/Versions/A/Frameworks/HIToolbox.framework/Versions/A/HIToolbox
0x00007fff26d5a000 	/System/Library/Frameworks/QuartzCore.framework/Versions/A/QuartzCore
0x00007fff2fd37000 	/System/Library/Frameworks/Carbon.framework/Versions/A/Frameworks/SpeechRecognition.framework/Versions/A/SpeechRecognition
0x00007fff2707a000 	/System/Library/PrivateFrameworks/CoreUI.framework/Versions/A/CoreUI
0x00007fff21cf0000 	/System/Library/Frameworks/CoreAudio.framework/Versions/A/CoreAudio
0x00007fff266eb000 	/System/Library/Frameworks/DiskArbitration.framework/Versions/A/DiskArbitration
0x00007fff2bbc7000 	/System/Library/PrivateFrameworks/MultitouchSupport.framework/Versions/A/MultitouchSupport
0x00007fff2bfbd000 	/System/Library/PrivateFrameworks/InternationalSupport.framework/Versions/A/InternationalSupport
0x00007fff24d00000 	/usr/lib/libenergytrace.dylib
0x00007fff22caa000 	/System/Library/Frameworks/IOKit.framework/Versions/A/IOKit
0x00007fff3006a000 	/System/Library/Frameworks/CoreServices.framework/Versions/A/CoreServices
0x00007fff272a7000 	/System/Library/PrivateFrameworks/PerformanceAnalysis.framework/Versions/A/PerformanceAnalysis
0x00007fff6b9f5000 	/System/Library/Frameworks/OpenGL.framework/Versions/A/OpenGL
0x00007fff2c041000 	/System/Library/PrivateFrameworks/UserActivity.framework/Versions/A/UserActivity
0x00007fff2038a000 	/usr/lib/libobjc.A.dylib
0x00007fff2577e000 	/System/Library/Frameworks/ColorSync.framework/Versions/A/ColorSync
0x00007fff2056a000 	/System/Library/Frameworks/CoreFoundation.framework/Versions/A/CoreFoundation
0x00007fff28d7d000 	/System/Library/Frameworks/CoreImage.framework/Versions/A/CoreImage
0x00007fff21b0a000 	/System/Library/Frameworks/CoreText.framework/Versions/A/CoreText
0x00007fff28b3f000 	/System/Library/Frameworks/ImageIO.framework/Versions/A/ImageIO
0x00007fff2a6d4000 	/System/Library/PrivateFrameworks/SoftLinking.framework/Versions/A/SoftLinking
0x00007fff27360000 	/usr/lib/libxml2.2.dylib
0x00007fff20450000 	/usr/lib/libc++.1.dylib
0x00007fff2a945000 	/usr/lib/libcompression.dylib
0x00007fff2beef000 	/System/Library/PrivateFrameworks/TextureIO.framework/Versions/A/TextureIO
0x00007fff2af75000 	/usr/lib/libate.dylib
0x00007fff2a6c8000 	/usr/lib/system/libcache.dylib
0x00007fff2a684000 	/usr/lib/system/libcommonCrypto.dylib
0x00007fff2a6ae000 	/usr/lib/system/libcompiler_rt.dylib
0x00007fff2a6a3000 	/usr/lib/system/libcopyfile.dylib
0x00007fff2027a000 	/usr/lib/system/libcorecrypto.dylib
0x00007fff20345000 	/usr/lib/system/libdispatch.dylib
0x00007fff204f8000 	/usr/lib/system/libdyld.dylib
0x00007fff2a6bf000 	/usr/lib/system/libkeymgr.dylib
0x00007fff2dad5000 	/usr/lib/system/liblaunch.dylib
0x00007fff2a662000 	/usr/lib/system/libmacho.dylib
0x00007fff29e5a000 	/usr/lib/system/libquarantine.dylib
0x00007fff2a6bc000 	/usr/lib/system/libremovefile.dylib
0x00007fff24d5e000 	/usr/lib/system/libsystem_asl.dylib
0x00007fff2022a000 	/usr/lib/system/libsystem_blocks.dylib
0x00007fff203c7000 	/usr/lib/system/libsystem_c.dylib
0x00007fff2a6b6000 	/usr/lib/system/libsystem_collections.dylib
0x00007fff29160000 	/usr/lib/system/libsystem_configuration.dylib
0x00007fff2844b000 	/usr/lib/system/libsystem_containermanager.dylib
0x00007fff2a405000 	/usr/lib/system/libsystem_coreservices.dylib
0x00007fff2293a000 	/usr/lib/system/libsystem_darwin.dylib
0x00007fff2a6c0000 	/usr/lib/system/libsystem_dnssd.dylib
0x00007fff203c4000 	/usr/lib/system/libsystem_featureflags.dylib
0x00007fff2053e000 	/usr/lib/system/libsystem_info.dylib
0x00007fff2a619000 	/usr/lib/system/libsystem_m.dylib
0x00007fff20318000 	/usr/lib/system/libsystem_malloc.dylib
0x00007fff24cf1000 	/usr/lib/system/libsystem_networkextension.dylib
0x00007fff22d59000 	/usr/lib/system/libsystem_notify.dylib
0x00007fff2ff6c000 	/usr/lib/system/libsystem_product_info_filter.dylib
0x00007fff29164000 	/usr/lib/system/libsystem_sandbox.dylib
0x00007fff2a6b9000 	/usr/lib/system/libsystem_secinit.dylib
0x00007fff204bc000 	/usr/lib/system/libsystem_kernel.dylib
0x00007fff20534000 	/usr/lib/system/libsystem_platform.dylib
0x00007fff204ec000 	/usr/lib/system/libsystem_pthread.dylib
0x00007fff2643c000 	/usr/lib/system/libsystem_symptoms.dylib
0x00007fff20262000 	/usr/lib/system/libsystem_trace.dylib
0x00007fff2a690000 	/usr/lib/system/libunwind.dylib
0x00007fff2022c000 	/usr/lib/system/libxpc.dylib
0x00007fff204a6000 	/usr/lib/libc++abi.dylib
0x00007fff2a69b000 	/usr/lib/liboah.dylib
0x00007fff2ad59000 	/usr/lib/liblzma.5.dylib
0x00007fff2102e000 	/System/Library/Frameworks/SystemConfiguration.framework/Versions/A/SystemConfiguration
0x00007fff2a6d0000 	/usr/lib/libfakelink.dylib
0x00007fff24852000 	/System/Library/Frameworks/CFNetwork.framework/Versions/A/CFNetwork
0x00007fff2a810000 	/usr/lib/libarchive.2.dylib
0x00007fff210ac000 	/usr/lib/libCRFSuite.dylib
0x00007fff29e81000 	/usr/lib/libbsm.0.dylib
0x00007fff241cb000 	/usr/lib/libnetwork.dylib
0x00007fff2a6d5000 	/usr/lib/libpcap.A.dylib
0x00007fff26435000 	/usr/lib/libdns_services.dylib
0x00007fff2ad72000 	/usr/lib/libcoretls_cfhelpers.dylib
0x00007fff2a90f000 	/usr/lib/libapple_nghttp2.dylib
0x00007fff2a668000 	/usr/lib/system/libkxld.dylib
0x00007fff260ae000 	/usr/lib/libsqlite3.dylib
0x00007fff2a3e8000 	/System/Library/PrivateFrameworks/AppleFSCompression.framework/Versions/A/AppleFSCompression
0x00007fff29e69000 	/usr/lib/libcoretls.dylib
0x00007fff2a940000 	/usr/lib/libpam.2.dylib
0x00007fff2ae70000 	/usr/lib/libxar.1.dylib
0x00007fff2916b000 	/System/Library/PrivateFrameworks/AppleSystemInfo.framework/Versions/A/AppleSystemInfo
0x00007fff29aab000 	/System/Library/PrivateFrameworks/IOMobileFramebuffer.framework/Versions/A/IOMobileFramebuffer
0x00007fff2a3f8000 	/usr/lib/libbz2.1.0.dylib
0x00007fff2a70d000 	/usr/lib/libiconv.2.dylib
0x00007fff2a661000 	/usr/lib/libcharset.1.dylib
0x00007fff272e3000 	/System/Library/Frameworks/CoreServices.framework/Versions/A/Frameworks/FSEvents.framework/Versions/A/FSEvents
0x00007fff22944000 	/System/Library/Frameworks/CoreServices.framework/Versions/A/Frameworks/CarbonCore.framework/Versions/A/CarbonCore
0x00007fff26650000 	/System/Library/Frameworks/CoreServices.framework/Versions/A/Frameworks/Metadata.framework/Versions/A/Metadata
0x00007fff2a40a000 	/System/Library/Frameworks/CoreServices.framework/Versions/A/Frameworks/OSServices.framework/Versions/A/OSServices
0x00007fff2a882000 	/System/Library/Frameworks/CoreServices.framework/Versions/A/Frameworks/SearchKit.framework/Versions/A/SearchKit
0x00007fff263c0000 	/System/Library/Frameworks/CoreServices.framework/Versions/A/Frameworks/AE.framework/Versions/A/AE
0x00007fff20a08000 	/System/Library/Frameworks/CoreServices.framework/Versions/A/Frameworks/LaunchServices.framework/Versions/A/LaunchServices
0x00007fff2ad09000 	/System/Library/Frameworks/CoreServices.framework/Versions/A/Frameworks/DictionaryServices.framework/Versions/A/DictionaryServices
0x00007fff272f0000 	/System/Library/Frameworks/CoreServices.framework/Versions/A/Frameworks/SharedFileList.framework/Versions/A/SharedFileList
0x00007fff29e5d000 	/usr/lib/libCheckFix.dylib
0x00007fff24d75000 	/System/Library/PrivateFrameworks/TCC.framework/Versions/A/TCC
0x00007fff29171000 	/System/Library/PrivateFrameworks/CoreNLP.framework/Versions/A/CoreNLP
0x00007fff26603000 	/System/Library/PrivateFrameworks/MetadataUtilities.framework/Versions/A/MetadataUtilities
0x00007fff210e1000 	/usr/lib/libmecabra.dylib
0x00007fff2a167000 	/System/Library/Frameworks/MLCompute.framework/Versions/A/MLCompute
0x00007fff29e92000 	/usr/lib/libmecab.dylib
0x00007fff29edc000 	/usr/lib/libgermantok.dylib
0x00007fff2a8ea000 	/usr/lib/libThaiTokenizer.dylib
0x00007fff2aeac000 	/usr/lib/libChineseTokenizer.dylib
0x00007fff2a93e000 	/System/Library/Frameworks/MetalPerformanceShaders.framework/Versions/A/MetalPerformanceShaders
0x00007fff266f2000 	/System/Library/Frameworks/Accelerate.framework/Versions/A/Frameworks/vImage.framework/Versions/A/vImage
0x00007fff30044000 	/System/Library/Frameworks/Accelerate.framework/Versions/A/Frameworks/vecLib.framework/Versions/A/vecLib
0x00007fff2aeb7000 	/System/Library/Frameworks/Accelerate.framework/Versions/A/Frameworks/vecLib.framework/Versions/A/libvMisc.dylib
0x00007fff298c6000 	/System/Library/Frameworks/Accelerate.framework/Versions/A/Frameworks/vecLib.framework/Versions/A/libvDSP.dylib
0x00007fff20d14000 	/System/Library/Frameworks/Accelerate.framework/Versions/A/Frameworks/vecLib.framework/Versions/A/libBLAS.dylib
0x00007fff2a96b000 	/System/Library/Frameworks/Accelerate.framework/Versions/A/Frameworks/vecLib.framework/Versions/A/libLAPACK.dylib
0x00007fff29ee2000 	/System/Library/Frameworks/Accelerate.framework/Versions/A/Frameworks/vecLib.framework/Versions/A/libLinearAlgebra.dylib
0x00007fff2a927000 	/System/Library/Frameworks/Accelerate.framework/Versions/A/Frameworks/vecLib.framework/Versions/A/libSparseBLAS.dylib
0x00007fff2a965000 	/System/Library/Frameworks/Accelerate.framework/Versions/A/Frameworks/vecLib.framework/Versions/A/libQuadrature.dylib
0x00007fff2921d000 	/System/Library/Frameworks/Accelerate.framework/Versions/A/Frameworks/vecLib.framework/Versions/A/libBNNS.dylib
0x00007fff20fbf000 	/System/Library/Frameworks/Accelerate.framework/Versions/A/Frameworks/vecLib.framework/Versions/A/libSparse.dylib
0x00007fff290f9000 	/System/Library/Frameworks/MetalPerformanceShaders.framework/Versions/A/Frameworks/MPSCore.framework/Versions/A/MPSCore
0x00007fff2a357000 	/System/Library/Frameworks/MetalPerformanceShaders.framework/Versions/A/Frameworks/MPSImage.framework/Versions/A/MPSImage
0x00007fff29ef8000 	/System/Library/Frameworks/MetalPerformanceShaders.framework/Versions/A/Frameworks/MPSNeuralNetwork.framework/Versions/A/MPSNeuralNetwork
0x00007fff2a2c9000 	/System/Library/Frameworks/MetalPerformanceShaders.framework/Versions/A/Frameworks/MPSMatrix.framework/Versions/A/MPSMatrix
0x00007fff2a117000 	/System/Library/Frameworks/MetalPerformanceShaders.framework/Versions/A/Frameworks/MPSRayIntersector.framework/Versions/A/MPSRayIntersector
0x00007fff2a300000 	/System/Library/Frameworks/MetalPerformanceShaders.framework/Versions/A/Frameworks/MPSNDArray.framework/Versions/A/MPSNDArray
0x00007fff20c3f000 	/System/Library/PrivateFrameworks/MetalTools.framework/Versions/A/MetalTools
0x00007fff29169000 	/System/Library/PrivateFrameworks/AggregateDictionary.framework/Versions/A/AggregateDictionary
0x00007fff265d0000 	/System/Library/PrivateFrameworks/CoreAnalytics.framework/Versions/A/CoreAnalytics
0x00007fff2a8ec000 	/System/Library/PrivateFrameworks/AppleSauce.framework/Versions/A/AppleSauce
0x00007fff2846e000 	/System/Library/PrivateFrameworks/IOAccelerator.framework/Versions/A/IOAccelerator
0x00007fff6b9e9000 	/System/Library/Frameworks/OpenGL.framework/Versions/A/Libraries/libCoreFSCache.dylib
0x00007fff21679000 	/System/Library/PrivateFrameworks/LanguageModeling.framework/Versions/A/LanguageModeling
0x00007fff29a99000 	/System/Library/PrivateFrameworks/CoreEmoji.framework/Versions/A/CoreEmoji
0x00007fff29216000 	/System/Library/PrivateFrameworks/LinguisticData.framework/Versions/A/LinguisticData
0x00007fff20f71000 	/System/Library/PrivateFrameworks/Lexicon.framework/Versions/A/Lexicon
0x00007fff2a7fe000 	/usr/lib/libcmph.dylib
0x00007fff272c3000 	/System/Library/Frameworks/OpenDirectory.framework/Versions/A/Frameworks/CFOpenDirectory.framework/Versions/A/CFOpenDirectory
0x00007fff272b3000 	/System/Library/Frameworks/OpenDirectory.framework/Versions/A/OpenDirectory
0x00007fff2ad74000 	/System/Library/PrivateFrameworks/APFS.framework/Versions/A/APFS
0x00007fff29dbf000 	/System/Library/Frameworks/SecurityFoundation.framework/Versions/A/SecurityFoundation
0x00007fff2ae7f000 	/usr/lib/libutil.dylib
0x00007fff22c6f000 	/System/Library/PrivateFrameworks/CoreServicesStore.framework/Versions/A/CoreServicesStore
0x00007fff29e55000 	/System/Library/Frameworks/ServiceManagement.framework/Versions/A/ServiceManagement
0x00007fff2ae83000 	/usr/lib/libxslt.1.dylib
0x00007fff29e4b000 	/System/Library/PrivateFrameworks/BackgroundTaskManagement.framework/Versions/A/BackgroundTaskManagement
0x00007fff2be39000 	/System/Library/Frameworks/ImageIO.framework/Versions/A/Resources/libRadiance.dylib
0x00007fff2be43000 	/System/Library/Frameworks/ImageIO.framework/Versions/A/Resources/libJPEG.dylib
0x00007fff2bd91000 	/System/Library/Frameworks/ImageIO.framework/Versions/A/Resources/libPng.dylib
0x00007fff2bdb2000 	/System/Library/Frameworks/ImageIO.framework/Versions/A/Resources/libTIFF.dylib
0x00007fff2be98000 	/System/Library/Frameworks/ImageIO.framework/Versions/A/Resources/libGIF.dylib
0x00007fff2bae3000 	/System/Library/Frameworks/ImageIO.framework/Versions/A/Resources/libJP2.dylib
0x00007fff2b1fe000 	/usr/lib/libexpat.1.dylib
0x00007fff2ba99000 	/System/Library/PrivateFrameworks/AppleJPEG.framework/Versions/A/AppleJPEG
0x00007fff286a4000 	/System/Library/PrivateFrameworks/FontServices.framework/libFontParser.dylib
0x00007fff26377000 	/System/Library/PrivateFrameworks/RunningBoardServices.framework/Versions/A/RunningBoardServices
0x00007fff2bbc3000 	/System/Library/PrivateFrameworks/WatchdogClient.framework/Versions/A/WatchdogClient
0x00007fff21762000 	/System/Library/Frameworks/CoreDisplay.framework/Versions/A/CoreDisplay
0x00007fff285b9000 	/System/Library/Frameworks/CoreMedia.framework/Versions/A/CoreMedia
0x00007fff27443000 	/System/Library/Frameworks/CoreVideo.framework/Versions/A/CoreVideo
0x00007fff2bbfe000 	/System/Library/Frameworks/VideoToolbox.framework/Versions/A/VideoToolbox
0x00007fff262f7000 	/System/Library/PrivateFrameworks/BaseBoard.framework/Versions/A/BaseBoard
0x00007fff2b343000 	/System/Library/PrivateFrameworks/PersistentConnection.framework/Versions/A/PersistentConnection
0x00007fff26098000 	/System/Library/PrivateFrameworks/ProtocolBuffer.framework/Versions/A/ProtocolBuffer
0x00007fff262df000 	/System/Library/PrivateFrameworks/CommonUtilities.framework/Versions/A/CommonUtilities
0x00007fff2ba5c000 	/System/Library/PrivateFrameworks/Bom.framework/Versions/A/Bom
0x00007fff2be31000 	/System/Library/PrivateFrameworks/GPUWrangler.framework/Versions/A/GPUWrangler
0x00007fff2be14000 	/System/Library/PrivateFrameworks/IOPresentment.framework/Versions/A/IOPresentment
0x00007fff2be3d000 	/System/Library/PrivateFrameworks/DSExternalDisplay.framework/Versions/A/DSExternalDisplay
0x00007fff2be9d000 	/System/Library/PrivateFrameworks/CMCaptureCore.framework/Versions/A/CMCaptureCore
0x00007fff2b7df000 	/System/Library/PrivateFrameworks/AppServerSupport.framework/Versions/A/AppServerSupport
0x00007fff2d878000 	/System/Library/PrivateFrameworks/perfdata.framework/Versions/A/perfdata
0x00007fff29dae000 	/System/Library/PrivateFrameworks/AssertionServices.framework/Versions/A/AssertionServices
0x00007fff21899000 	/System/Library/PrivateFrameworks/AudioToolboxCore.framework/Versions/A/AudioToolboxCore
0x00007fff2859c000 	/System/Library/PrivateFrameworks/caulk.framework/Versions/A/caulk
0x00007fff3cd2f000 	/System/Library/PrivateFrameworks/SystemPolicy.framework/Versions/A/SystemPolicy
0x00007fff2b00d000 	/usr/lib/libIOReport.dylib
0x00007fff2d0b4000 	/usr/lib/libSMC.dylib
0x00007fff2bd5d000 	/usr/lib/libAudioToolboxUtility.dylib
0x00007fff3d68c000 	/usr/lib/libmis.dylib
0x00007fff6ba45000 	/System/Library/Frameworks/OpenGL.framework/Versions/A/Libraries/libGLU.dylib
0x00007fff6ba08000 	/System/Library/Frameworks/OpenGL.framework/Versions/A/Libraries/libGFXShared.dylib
0x00007fff6bc16000 	/System/Library/Frameworks/OpenGL.framework/Versions/A/Libraries/libGL.dylib
0x00007fff6ba11000 	/System/Library/Frameworks/OpenGL.framework/Versions/A/Libraries/libGLImage.dylib
0x00007fff6ba05000 	/System/Library/Frameworks/OpenGL.framework/Versions/A/Libraries/libCVMSPluginSupport.dylib
0x00007fff6b9f0000 	/System/Library/Frameworks/OpenGL.framework/Versions/A/Libraries/libCoreVMClient.dylib
0x00007fff6d060000 	/System/Library/Frameworks/OpenCL.framework/Versions/A/OpenCL
0x00007fff2b36c000 	/System/Library/PrivateFrameworks/GraphVisualizer.framework/Versions/A/GraphVisualizer
0x00007fff2b37b000 	/System/Library/PrivateFrameworks/FaceCore.framework/Versions/A/FaceCore
0x00007fff2b797000 	/System/Library/PrivateFrameworks/OTSVG.framework/Versions/A/OTSVG
0x00007fff27038000 	/System/Library/Frameworks/ApplicationServices.framework/Versions/A/Frameworks/ATS.framework/Versions/A/Resources/libFontRegistry.dylib
0x00007fff2b7e6000 	/System/Library/PrivateFrameworks/FontServices.framework/libhvf.dylib
0x00007fff2b1aa000 	/System/Library/PrivateFrameworks/AppleVA.framework/Versions/A/AppleVA
0x00007fff2cefc000 	/System/Library/Frameworks/ApplicationServices.framework/Versions/A/Frameworks/ATS.framework/Versions/A/ATS
0x00007fff2d20f000 	/System/Library/Frameworks/ApplicationServices.framework/Versions/A/Frameworks/ColorSyncLegacy.framework/Versions/A/ColorSyncLegacy
0x00007fff25876000 	/System/Library/Frameworks/ApplicationServices.framework/Versions/A/Frameworks/HIServices.framework/Versions/A/HIServices
0x00007fff2d1f4000 	/System/Library/Frameworks/ApplicationServices.framework/Versions/A/Frameworks/LangAnalysis.framework/Versions/A/LangAnalysis
0x00007fff2bea7000 	/System/Library/Frameworks/ApplicationServices.framework/Versions/A/Frameworks/PrintCore.framework/Versions/A/PrintCore
0x00007fff2d217000 	/System/Library/Frameworks/ApplicationServices.framework/Versions/A/Frameworks/QD.framework/Versions/A/QD
0x00007fff2ceec000 	/System/Library/Frameworks/ApplicationServices.framework/Versions/A/Frameworks/SpeechSynthesis.framework/Versions/A/SpeechSynthesis
0x00007fff2be68000 	/System/Library/Frameworks/ApplicationServices.framework/Versions/A/Frameworks/ATSUI.framework/Versions/A/ATSUI
0x00007fff2d194000 	/usr/lib/libcups.2.dylib
0x00007fff2d204000 	/System/Library/PrivateFrameworks/NetAuth.framework/Versions/A/NetAuth
0x00007fff2d893000 	/System/Library/Frameworks/Kerberos.framework/Versions/A/Kerberos
0x00007fff2d8a3000 	/System/Library/Frameworks/GSS.framework/Versions/A/GSS
0x00007fff2cf69000 	/usr/lib/libresolv.9.dylib
0x00007fff2b7fc000 	/System/Library/PrivateFrameworks/Heimdal.framework/Versions/A/Heimdal
0x00007fff33566000 	/System/Library/Frameworks/Kerberos.framework/Versions/A/Libraries/libHeimdalProxy.dylib
0x00007fff26444000 	/System/Library/Frameworks/Network.framework/Versions/A/Network
0x00007fff2b218000 	/usr/lib/libheimdal-asn1.dylib
0x00007fff2d8f4000 	/System/Library/PrivateFrameworks/CommonAuth.framework/Versions/A/CommonAuth
0x00007fff27491000 	/System/Library/PrivateFrameworks/login.framework/Versions/A/Frameworks/loginsupport.framework/Versions/A/loginsupport
0x00007fff2ce73000 	/System/Library/PrivateFrameworks/AudioSession.framework/Versions/A/AudioSession
0x00007fff2ced9000 	/usr/lib/libAudioStatistics.dylib
0x00007fff2b2a4000 	/System/Library/PrivateFrameworks/MediaExperience.framework/Versions/A/MediaExperience
0x00007fff2cd0c000 	/System/Library/PrivateFrameworks/AudioSession.framework/libSessionUtility.dylib
0x00007fff2d884000 	/usr/lib/libperfcheck.dylib
0x00007fff2d223000 	/System/Library/PrivateFrameworks/AudioResourceArbitration.framework/Versions/A/AudioResourceArbitration
0x00007fff2b222000 	/System/Library/PrivateFrameworks/IconFoundation.framework/Versions/A/IconFoundation
0x00007fff2fd27000 	/System/Library/PrivateFrameworks/SpeechRecognitionCore.framework/Versions/A/SpeechRecognitionCore
0x0000000111800000 	/Users/wasmi/miniconda3/lib/server/libjvm.dylib
0x000000010f467000 	/Users/wasmi/miniconda3/lib/libverify.dylib
0x000000010f478000 	/Users/wasmi/miniconda3/lib/libjava.dylib
0x000000010f4a4000 	/Users/wasmi/miniconda3/lib/libjimage.dylib
0x000000010f4ba000 	/Users/wasmi/miniconda3/lib/libzip.dylib


VM Arguments:
java_command: getsp -test
java_class_path (initial): /Users/wasmi/miniconda3/lib/R/share/java
Launcher Type: SUN_STANDARD

[Global flags]
     uint G1ConcRefinementThreads                  = 4                                         {product} {ergonomic}
    uintx GCDrainStackTargetSize                   = 64                                        {product} {ergonomic}
   size_t InitialHeapSize                          = 134217728                                 {product} {ergonomic}
   size_t MaxHeapSize                              = 2147483648                                {product} {ergonomic}
    uintx ReservedCodeCacheSize                    = 251658240                              {pd product} {ergonomic}
     bool SegmentedCodeCache                       = true                                      {product} {ergonomic}
     bool UseCompressedClassPointers               = true                                 {lp64_product} {ergonomic}
     bool UseCompressedOops                        = true                                 {lp64_product} {ergonomic}
     bool UseG1GC                                  = true                                      {product} {ergonomic}

Logging:
Log output configuration:
 #0: stdout all=warning uptime,level,tags
 #1: stderr all=off uptime,level,tags

Environment Variables:
PATH=/Users/wasmi/miniconda3/bin:/Users/wasmi/miniconda3/condabin:/opt/local/bin:/opt/local/sbin:/Library/Frameworks/Python.framework/Versions/3.9/bin:/usr/local/bin:/usr/bin:/bin:/usr/sbin:/sbin
SHELL=/bin/zsh
LANG=en_CA.UTF-8

Signal Handlers:
SIGSEGV: [libjvm.dylib+0x7c3918], sa_mask[0]=11111111011111110111111111111111, sa_flags=SA_ONSTACK|SA_RESTART|SA_SIGINFO
SIGBUS: [libjvm.dylib+0x7c3918], sa_mask[0]=11111111011111110111111111111111, sa_flags=SA_RESTART|SA_SIGINFO
SIGFPE: [libjvm.dylib+0x7c3918], sa_mask[0]=11111111011111110111111111111111, sa_flags=SA_RESTART|SA_SIGINFO
SIGPIPE: [libjvm.dylib+0x627014], sa_mask[0]=11111111011111110111111111111111, sa_flags=SA_RESTART|SA_SIGINFO
SIGXFSZ: [libjvm.dylib+0x627014], sa_mask[0]=11111111011111110111111111111111, sa_flags=SA_RESTART|SA_SIGINFO
SIGILL: [libjvm.dylib+0x7c3918], sa_mask[0]=11111111011111110111111111111111, sa_flags=SA_RESTART|SA_SIGINFO
SIGUSR2: [libjvm.dylib+0x6275f9], sa_mask[0]=00000000000000000000000000000000, sa_flags=SA_RESTART|SA_SIGINFO
SIGHUP: SIG_DFL, sa_mask[0]=00000000000000000000000000000000, sa_flags=none
SIGINT: SIG_DFL, sa_mask[0]=00000000000000000000000000000000, sa_flags=none
SIGTERM: SIG_DFL, sa_mask[0]=00000000000000000000000000000000, sa_flags=SA_RESTART
SIGQUIT: SIG_DFL, sa_mask[0]=00000000000000000000000000000000, sa_flags=none


---------------  S Y S T E M  ---------------

OS:uname:Darwin 20.6.0 Darwin Kernel Version 20.6.0: Thu Mar  9 20:39:26 PST 2023; root:xnu-7195.141.49.700.6~1/RELEASE_X86_64 x86_64
OS uptime: 13 days 0:34 hours
rlimit (soft/hard): STACK 8192k/65532k , CORE 0k/infinity , NPROC 1392/2088 , NOFILE 10240/infinity , AS infinity/infinity , CPU infinity/infinity , DATA infinity/infinity , FSIZE infinity/infinity , MEMLOCK infinity/infinity , RSS infinity/infinity
load average:1.86 1.76 2.00

CPU:total 4 (initial active 4) 

Memory: 4k page, physical 8388608k(79188k free), swap 2097152k(497152k free)

vm_info: OpenJDK 64-Bit Server VM (11.0.9.1+1-LTS) for bsd-amd64 JRE (Zulu11.43+55-CA) (11.0.9.1+1-LTS), built on Nov  5 2020 09:10:27 by "zulu_re" with gcc 4.2.1 Compatible Apple LLVM 9.1.0 (clang-902.0.39.2)

END.
